Build started 4/13/2015 11:01:46 PM.
     1>Project "C:\Users\Administrator\Desktop\monitorAPIs\lighting\lighting\lighting.vcxproj" on node 2 (build target(s)).
     1>InitializeBuildStatus:
         Creating "Debug\lighting.unsuccessfulbuild" because "AlwaysCreate" was specified.
       ClCompile:
         All outputs are up-to-date.
         d:\Program Files (x86)\Microsoft Visual Studio 10.0\VC\bin\CL.exe /c /ZI /nologo /W3 /WX- /Od /Oy- /D WIN32 /D _DEBUG /D _CONSOLE /D _UNICODE /D UNICODE /Gm /EHsc /RTC1 /MDd /GS /fp:precise /Zc:wchar_t /Zc:forScope /Yu"StdAfx.h" /Fp"Debug\lighting.pch" /Fo"Debug\\" /Fd"Debug\vc100.pdb" /Gd /TP /analyze- /errorReport:prompt Hook.cpp
         Hook.cpp
     1>c:\users\administrator\desktop\monitorapis\lighting\lighting\hook.cpp(138): warning C4146: unary minus operator applied to unsigned type, result still unsigned
       ManifestResourceCompile:
         All outputs are up-to-date.
       Link:
         d:\Program Files (x86)\Microsoft Visual Studio 10.0\VC\bin\link.exe /ERRORREPORT:PROMPT /OUT:"C:\Users\Administrator\Desktop\monitorAPIs\lighting\Debug\lighting.exe" /INCREMENTAL /NOLOGO kernel32.lib user32.lib gdi32.lib winspool.lib comdlg32.lib advapi32.lib shell32.lib ole32.lib oleaut32.lib uuid.lib odbc32.lib odbccp32.lib /MANIFEST /ManifestFile:"Debug\lighting.exe.intermediate.manifest" /MANIFESTUAC:"level='asInvoker' uiAccess='false'" /DEBUG /PDB:"C:\Users\Administrator\Desktop\monitorAPIs\lighting\Debug\lighting.pdb" /SUBSYSTEM:CONSOLE /TLBID:1 /DYNAMICBASE /NXCOMPAT /IMPLIB:"C:\Users\Administrator\Desktop\monitorAPIs\lighting\Debug\lighting.lib" /MACHINE:X86 Debug\lighting.exe.embed.manifest.res
         Debug\Hook.obj
         Debug\lighting.obj
         Debug\stdafx.obj
       Manifest:
         C:\Program Files (x86)\Microsoft SDKs\Windows\v7.0A\bin\mt.exe /nologo /verbose /out:"Debug\lighting.exe.embed.manifest" /manifest Debug\lighting.exe.intermediate.manifest
         All outputs are up-to-date.
       LinkEmbedManifest:
         All outputs are up-to-date.
         lighting.vcxproj -> C:\Users\Administrator\Desktop\monitorAPIs\lighting\Debug\lighting.exe
       FinalizeBuildStatus:
         Deleting file "Debug\lighting.unsuccessfulbuild".
         Touching "Debug\lighting.lastbuildstate".
     1>Done Building Project "C:\Users\Administrator\Desktop\monitorAPIs\lighting\lighting\lighting.vcxproj" (build target(s)).

Build succeeded.

Time Elapsed 00:00:01.18
